pme-mobile/pme_erp_app/android/app/build/intermediates/manifest_merge_blame_file/release/processReleaseMainManifest/manifest-merger-blame-release-report.txt
1<?xml version="1.0" encoding="utf-8"?>
2<manifest xmlns:android="http://schemas.android.com/apk/res/android"
3    package="com.pme.erp"
4    android:versionCode="1"
5    android:versionName="1.0" >
6
7    <uses-sdk
8        android:minSdkVersion="23"
9        android:targetSdkVersion="35" />
10
11    <!-- Required permissions -->
12    <uses-permission android:name="android.permission.INTERNET" />
12-->src/main/AndroidManifest.xml:5:5-67
12-->src/main/AndroidManifest.xml:5:22-64
13    <uses-permission android:name="android.permission.ACCESS_NETWORK_STATE" />
13-->src/main/AndroidManifest.xml:6:5-79
13-->src/main/AndroidManifest.xml:6:22-76
14    <uses-permission android:name="android.permission.ACCESS_WIFI_STATE" />
14-->src/main/AndroidManifest.xml:7:5-76
14-->src/main/AndroidManifest.xml:7:22-73
15    <uses-permission
15-->src/main/AndroidManifest.xml:8:5-107
16        android:name="android.permission.READ_EXTERNAL_STORAGE"
16-->src/main/AndroidManifest.xml:8:22-77
17        android:maxSdkVersion="32" />
17-->src/main/AndroidManifest.xml:8:78-104
18    <uses-permission
18-->src/main/AndroidManifest.xml:9:5-108
19        android:name="android.permission.WRITE_EXTERNAL_STORAGE"
19-->src/main/AndroidManifest.xml:9:22-78
20        android:maxSdkVersion="28" />
20-->src/main/AndroidManifest.xml:9:79-105
21    <uses-permission android:name="android.permission.READ_MEDIA_IMAGES" />
21-->src/main/AndroidManifest.xml:10:5-76
21-->src/main/AndroidManifest.xml:10:22-73
22    <uses-permission android:name="android.permission.READ_MEDIA_VIDEO" />
22-->src/main/AndroidManifest.xml:11:5-75
22-->src/main/AndroidManifest.xml:11:22-72
23    <uses-permission android:name="android.permission.READ_MEDIA_AUDIO" />
23-->src/main/AndroidManifest.xml:12:5-75
23-->src/main/AndroidManifest.xml:12:22-72
24    <uses-permission android:name="android.permission.POST_NOTIFICATIONS" />
24-->src/main/AndroidManifest.xml:13:5-77
24-->src/main/AndroidManifest.xml:13:22-74
25
26    <!-- Location permissions -->
27    <uses-permission android:name="android.permission.ACCESS_COARSE_LOCATION" />
27-->src/main/AndroidManifest.xml:16:5-81
27-->src/main/AndroidManifest.xml:16:22-78
28    <uses-permission android:name="android.permission.ACCESS_FINE_LOCATION" />
28-->src/main/AndroidManifest.xml:17:5-79
28-->src/main/AndroidManifest.xml:17:22-76
29
30    <queries>
30-->[:capacitor-camera] AndroidManifest.xml:7:5-11:15
31        <intent>
31-->[:capacitor-camera] AndroidManifest.xml:8:9-10:18
32            <action android:name="android.media.action.IMAGE_CAPTURE" />
32-->[:capacitor-camera] AndroidManifest.xml:9:13-73
32-->[:capacitor-camera] AndroidManifest.xml:9:21-70
33        </intent>
34        <intent>
34-->[:capacitor-browser] AndroidManifest.xml:8:9-10:18
35            <action android:name="android.support.customtabs.action.CustomTabsService" />
35-->[:capacitor-browser] AndroidManifest.xml:9:13-90
35-->[:capacitor-browser] AndroidManifest.xml:9:21-87
36        </intent>
37    </queries>
38
39    <permission
39-->[androidx.core:core:1.15.0] AndroidManifest.xml:22:5-24:47
40        android:name="com.pme.erp.DYNAMIC_RECEIVER_NOT_EXPORTED_PERMISSION"
40-->[androidx.core:core:1.15.0] AndroidManifest.xml:23:9-81
41        android:protectionLevel="signature" />
41-->[androidx.core:core:1.15.0] AndroidManifest.xml:24:9-44
42
43    <uses-permission android:name="com.pme.erp.DYNAMIC_RECEIVER_NOT_EXPORTED_PERMISSION" />
43-->[androidx.core:core:1.15.0] AndroidManifest.xml:26:5-97
43-->[androidx.core:core:1.15.0] AndroidManifest.xml:26:22-94
44
45    <application
45-->src/main/AndroidManifest.xml:19:5-61:19
46        android:allowBackup="true"
46-->src/main/AndroidManifest.xml:21:9-35
47        android:appComponentFactory="androidx.core.app.CoreComponentFactory"
47-->[androidx.core:core:1.15.0] AndroidManifest.xml:28:18-86
48        android:extractNativeLibs="false"
49        android:icon="@mipmap/ic_launcher"
49-->src/main/AndroidManifest.xml:22:9-43
50        android:label="@string/app_name"
50-->src/main/AndroidManifest.xml:23:9-41
51        android:networkSecurityConfig="@xml/network_security_config"
51-->src/main/AndroidManifest.xml:20:9-69
52        android:roundIcon="@mipmap/ic_launcher_round"
52-->src/main/AndroidManifest.xml:24:9-54
53        android:supportsRtl="true"
53-->src/main/AndroidManifest.xml:25:9-35
54        android:theme="@style/AppTheme" >
54-->src/main/AndroidManifest.xml:26:9-40
55        <activity
55-->src/main/AndroidManifest.xml:28:9-50:20
56            android:name="com.pme.erp.MainActivity"
56-->src/main/AndroidManifest.xml:29:13-41
57            android:configChanges="orientation|keyboardHidden|keyboard|screenSize|locale|smallestScreenSize|screenLayout|uiMode|navigation"
57-->src/main/AndroidManifest.xml:32:13-140
58            android:exported="true"
58-->src/main/AndroidManifest.xml:30:13-36
59            android:label="@string/title_activity_main"
59-->src/main/AndroidManifest.xml:31:13-56
60            android:launchMode="singleTask"
60-->src/main/AndroidManifest.xml:33:13-44
61            android:screenOrientation="portrait"
61-->src/main/AndroidManifest.xml:36:13-49
62            android:theme="@style/AppTheme.NoActionBarLaunch"
62-->src/main/AndroidManifest.xml:34:13-62
63            android:windowSoftInputMode="adjustResize" >
63-->src/main/AndroidManifest.xml:35:13-55
64            <intent-filter>
64-->src/main/AndroidManifest.xml:38:13-41:29
65                <action android:name="android.intent.action.MAIN" />
65-->src/main/AndroidManifest.xml:39:17-69
65-->src/main/AndroidManifest.xml:39:25-66
66
67                <category android:name="android.intent.category.LAUNCHER" />
67-->src/main/AndroidManifest.xml:40:17-77
67-->src/main/AndroidManifest.xml:40:27-74
68            </intent-filter>
69
70            <!-- Deep linking -->
71            <intent-filter>
71-->src/main/AndroidManifest.xml:44:13-49:29
72                <action android:name="android.intent.action.VIEW" />
72-->src/main/AndroidManifest.xml:45:17-69
72-->src/main/AndroidManifest.xml:45:25-66
73
74                <category android:name="android.intent.category.DEFAULT" />
74-->src/main/AndroidManifest.xml:46:17-76
74-->src/main/AndroidManifest.xml:46:27-73
75                <category android:name="android.intent.category.BROWSABLE" />
75-->src/main/AndroidManifest.xml:47:17-78
75-->src/main/AndroidManifest.xml:47:27-75
76
77                <data
77-->src/main/AndroidManifest.xml:48:17-66
78                    android:host="auth"
78-->src/main/AndroidManifest.xml:48:44-63
79                    android:scheme="pme" />
79-->src/main/AndroidManifest.xml:48:23-43
80            </intent-filter>
81        </activity>
82
83        <provider
84            android:name="androidx.core.content.FileProvider"
84-->src/main/AndroidManifest.xml:53:13-62
85            android:authorities="com.pme.erp.fileprovider"
85-->src/main/AndroidManifest.xml:54:13-64
86            android:exported="false"
86-->src/main/AndroidManifest.xml:55:13-37
87            android:grantUriPermissions="true" >
87-->src/main/AndroidManifest.xml:56:13-47
88            <meta-data
88-->src/main/AndroidManifest.xml:57:13-59:54
89                android:name="android.support.FILE_PROVIDER_PATHS"
89-->src/main/AndroidManifest.xml:58:17-67
90                android:resource="@xml/file_paths" />
90-->src/main/AndroidManifest.xml:59:17-51
91        </provider>
92
93        <activity
93-->[:capacitor-browser] AndroidManifest.xml:14:9-18:75
94            android:name="com.capacitorjs.plugins.browser.BrowserControllerActivity"
94-->[:capacitor-browser] AndroidManifest.xml:15:13-85
95            android:exported="false"
95-->[:capacitor-browser] AndroidManifest.xml:16:13-37
96            android:launchMode="singleTask"
96-->[:capacitor-browser] AndroidManifest.xml:17:13-44
97            android:theme="@android:style/Theme.Translucent.NoTitleBar" />
97-->[:capacitor-browser] AndroidManifest.xml:18:13-72
98        <activity
98-->[com.google.android.gms:play-services-base:18.5.0] AndroidManifest.xml:5:9-173
99            android:name="com.google.android.gms.common.api.GoogleApiActivity"
99-->[com.google.android.gms:play-services-base:18.5.0] AndroidManifest.xml:5:19-85
100            android:exported="false"
100-->[com.google.android.gms:play-services-base:18.5.0] AndroidManifest.xml:5:146-170
101            android:theme="@android:style/Theme.Translucent.NoTitleBar" />
101-->[com.google.android.gms:play-services-base:18.5.0] AndroidManifest.xml:5:86-145
102
103        <provider
103-->[androidx.emoji2:emoji2:1.3.0] AndroidManifest.xml:24:9-32:20
104            android:name="androidx.startup.InitializationProvider"
104-->[androidx.emoji2:emoji2:1.3.0] AndroidManifest.xml:25:13-67
105            android:authorities="com.pme.erp.androidx-startup"
105-->[androidx.emoji2:emoji2:1.3.0] AndroidManifest.xml:26:13-68
106            android:exported="false" >
106-->[androidx.emoji2:emoji2:1.3.0] AndroidManifest.xml:27:13-37
107            <meta-data
107-->[androidx.emoji2:emoji2:1.3.0] AndroidManifest.xml:29:13-31:52
108                android:name="androidx.emoji2.text.EmojiCompatInitializer"
108-->[androidx.emoji2:emoji2:1.3.0] AndroidManifest.xml:30:17-75
109                android:value="androidx.startup" />
109-->[androidx.emoji2:emoji2:1.3.0] AndroidManifest.xml:31:17-49
110            <meta-data
110-->[androidx.lifecycle:lifecycle-process:2.7.0] AndroidManifest.xml:29:13-31:52
111                android:name="androidx.lifecycle.ProcessLifecycleInitializer"
111-->[androidx.lifecycle:lifecycle-process:2.7.0] AndroidManifest.xml:30:17-78
112                android:value="androidx.startup" />
112-->[androidx.lifecycle:lifecycle-process:2.7.0] AndroidManifest.xml:31:17-49
113            <meta-data
113-->[androidx.profileinstaller:profileinstaller:1.3.1] AndroidManifest.xml:29:13-31:52
114                android:name="androidx.profileinstaller.ProfileInstallerInitializer"
114-->[androidx.profileinstaller:profileinstaller:1.3.1] AndroidManifest.xml:30:17-85
115                android:value="androidx.startup" />
115-->[androidx.profileinstaller:profileinstaller:1.3.1] AndroidManifest.xml:31:17-49
116        </provider>
117
118        <meta-data
118-->[com.google.android.gms:play-services-basement:18.4.0] AndroidManifest.xml:6:9-122
119            android:name="com.google.android.gms.version"
119-->[com.google.android.gms:play-services-basement:18.4.0] AndroidManifest.xml:6:20-65
120            android:value="@integer/google_play_services_version" />
120-->[com.google.android.gms:play-services-basement:18.4.0] AndroidManifest.xml:6:66-119
121
122        <receiver
122-->[androidx.profileinstaller:profileinstaller:1.3.1] AndroidManifest.xml:34:9-52:20
123            android:name="androidx.profileinstaller.ProfileInstallReceiver"
123-->[androidx.profileinstaller:profileinstaller:1.3.1] AndroidManifest.xml:35:13-76
124            android:directBootAware="false"
124-->[androidx.profileinstaller:profileinstaller:1.3.1] AndroidManifest.xml:36:13-44
125            android:enabled="true"
125-->[androidx.profileinstaller:profileinstaller:1.3.1] AndroidManifest.xml:37:13-35
126            android:exported="true"
126-->[androidx.profileinstaller:profileinstaller:1.3.1] AndroidManifest.xml:38:13-36
127            android:permission="android.permission.DUMP" >
127-->[androidx.profileinstaller:profileinstaller:1.3.1] AndroidManifest.xml:39:13-57
128            <intent-filter>
128-->[androidx.profileinstaller:profileinstaller:1.3.1] AndroidManifest.xml:40:13-42:29
129                <action android:name="androidx.profileinstaller.action.INSTALL_PROFILE" />
129-->[androidx.profileinstaller:profileinstaller:1.3.1] AndroidManifest.xml:41:17-91
129-->[androidx.profileinstaller:profileinstaller:1.3.1] AndroidManifest.xml:41:25-88
130            </intent-filter>
131            <intent-filter>
131-->[androidx.profileinstaller:profileinstaller:1.3.1] AndroidManifest.xml:43:13-45:29
132                <action android:name="androidx.profileinstaller.action.SKIP_FILE" />
132-->[androidx.profileinstaller:profileinstaller:1.3.1] AndroidManifest.xml:44:17-85
132-->[androidx.profileinstaller:profileinstaller:1.3.1] AndroidManifest.xml:44:25-82
133            </intent-filter>
134            <intent-filter>
134-->[androidx.profileinstaller:profileinstaller:1.3.1] AndroidManifest.xml:46:13-48:29
135                <action android:name="androidx.profileinstaller.action.SAVE_PROFILE" />
135-->[androidx.profileinstaller:profileinstaller:1.3.1] AndroidManifest.xml:47:17-88
135-->[androidx.profileinstaller:profileinstaller:1.3.1] AndroidManifest.xml:47:25-85
136            </intent-filter>
137            <intent-filter>
137-->[androidx.profileinstaller:profileinstaller:1.3.1] AndroidManifest.xml:49:13-51:29
138                <action android:name="androidx.profileinstaller.action.BENCHMARK_OPERATION" />
138-->[androidx.profileinstaller:profileinstaller:1.3.1] AndroidManifest.xml:50:17-95
138-->[androidx.profileinstaller:profileinstaller:1.3.1] AndroidManifest.xml:50:25-92
139            </intent-filter>
140        </receiver>
141    </application>
142
143</manifest>